-------------------------------------------------------------------------------
Test set: pl.rmitula.authapp.AuthAppApplicationTests
-------------------------------------------------------------------------------
Tests run: 1, Failures: 0, Errors: 1, Skipped: 0, Time elapsed: 1.419 s <<< FAILURE! - in pl.rmitula.authapp.AuthAppApplicationTests
initializationError(pl.rmitula.authapp.AuthAppApplicationTests)  Time elapsed: 0.006 s  <<< ERROR!
java.lang.IllegalStateException: Unable to find a @SpringBootConfiguration, you need to use @ContextConfiguration or @SpringBootTest(classes=...) with your test

